0 info it worked if it ends with ok
1 verbose cli [ 'C:\\Program Files\\nodejs\\node.exe',
1 verbose cli   'C:\\Program Files\\nodejs\\node_modules\\npm\\bin\\npm-cli.js',
1 verbose cli   'run',
1 verbose cli   'lite' ]
2 info using npm@3.10.10
3 info using node@v6.9.3
4 verbose run-script [ 'prelite', 'lite', 'postlite' ]
5 info lifecycle ng2-start@1.0.0~prelite: ng2-start@1.0.0
6 silly lifecycle ng2-start@1.0.0~prelite: no script for prelite, continuing
7 info lifecycle ng2-start@1.0.0~lite: ng2-start@1.0.0
8 verbose lifecycle ng2-start@1.0.0~lite: unsafe-perm in lifecycle true
9 verbose lifecycle ng2-start@1.0.0~lite: PATH: C:\Program Files\nodejs\node_modules\npm\bin\node-gyp-bin;C:\Users\Juan\web\ng2-start\node_modules\.bin;C:\Program Files\nodejs\node_modules\npm\bin\node-gyp-bin;C:\Users\Juan\web\ng2-start\node_modules\.bin;C:\Users\Juan\bin;C:\Program Files\Git\mingw64\bin;C:\Program Files\Git\usr\local\bin;C:\Program Files\Git\usr\bin;C:\Program Files\Git\usr\bin;C:\Program Files\Git\mingw64\bin;C:\Program Files\Git\usr\bin;C:\Users\Juan\bin;C:\ProgramData\Oracle\Java\javapath;C:\Program Files (x86)\Intel\iCLS Client;C:\Program Files\Intel\iCLS Client;C:\WINDOWS\system32;C:\WINDOWS;C:\WINDOWS\System32\Wbem;C:\WINDOWS\System32\WindowsPowerShell\v1.0;C:\Program Files\Intel\Intel(R) Management Engine Components\DAL;C:\Program Files\Intel\Intel(R) Management Engine Components\IPT;C:\Program Files (x86)\Intel\Intel(R) Management Engine Components\DAL;C:\Program Files (x86)\Intel\Intel(R) Management Engine Components\IPT;C:\Program Files\Intel\WiFi\bin;C:\Program Files\Common Files\Intel\WirelessCommon;C:\xampp_\php\php.exe;C:\xampp_\php;C:\ProgramData\ComposerSetup\bin;C:\Users\Juan\AppData\Roaming\Composer\vendor\bin;C:\Program Files (x86)\Skype\Phone;C:\Program Files\Java\jdk1.8.0_73\bin;C:\HashiCorp\Vagrant\bin;C:\Program Files\nodejs;C:\Ruby193\bin;C:\dev\jsl-0.3.0-win32\jsl-0.3.0;C:\texlive\2015\bin\win32;C:\Users\Juan\AppData\Local\Microsoft\WindowsApps;C:\Users\Juan\AppData\Roaming\npm;C:\Program Files\Sublime Text 3;C:\Program Files\Git\usr\bin\vendor_perl;C:\Program Files\Git\usr\bin\core_perl
10 verbose lifecycle ng2-start@1.0.0~lite: CWD: C:\Users\Juan\web\ng2-start
11 silly lifecycle ng2-start@1.0.0~lite: Args: [ '/d /s /c', 'lite-server' ]
12 silly lifecycle ng2-start@1.0.0~lite: Returned: code: 3  signal: null
13 info lifecycle ng2-start@1.0.0~lite: Failed to exec lite script
14 verbose stack Error: ng2-start@1.0.0 lite: `lite-server`
14 verbose stack Exit status 3
14 verbose stack     at EventEmitter.<anonymous> (C:\Program Files\nodejs\node_modules\npm\lib\utils\lifecycle.js:255:16)
14 verbose stack     at emitTwo (events.js:106:13)
14 verbose stack     at EventEmitter.emit (events.js:191:7)
14 verbose stack     at ChildProcess.<anonymous> (C:\Program Files\nodejs\node_modules\npm\lib\utils\spawn.js:40:14)
14 verbose stack     at emitTwo (events.js:106:13)
14 verbose stack     at ChildProcess.emit (events.js:191:7)
14 verbose stack     at maybeClose (internal/child_process.js:877:16)
14 verbose stack     at Process.ChildProcess._handle.onexit (internal/child_process.js:226:5)
15 verbose pkgid ng2-start@1.0.0
16 verbose cwd C:\Users\Juan\web\ng2-start
17 error Windows_NT 10.0.14393
18 error argv "C:\\Program Files\\nodejs\\node.exe" "C:\\Program Files\\nodejs\\node_modules\\npm\\bin\\npm-cli.js" "run" "lite"
19 error node v6.9.3
20 error npm  v3.10.10
21 error code ELIFECYCLE
22 error ng2-start@1.0.0 lite: `lite-server`
22 error Exit status 3
23 error Failed at the ng2-start@1.0.0 lite script 'lite-server'.
23 error Make sure you have the latest version of node.js and npm installed.
23 error If you do, this is most likely a problem with the ng2-start package,
23 error not with npm itself.
23 error Tell the author that this fails on your system:
23 error     lite-server
23 error You can get information on how to open an issue for this project with:
23 error     npm bugs ng2-start
23 error Or if that isn't available, you can get their info via:
23 error     npm owner ls ng2-start
23 error There is likely additional logging output above.
24 verbose exit [ 1, true ]
